<?xml version="1.0" encoding="UTF-8"?>
<testng-results ignored="0" total="2" passed="2" failed="0" skipped="0">
  <reporter-output>
  </reporter-output>
  <suite started-at="2022-09-06T20:14:34 EEST" name="Default suite" finished-at="2022-09-06T20:14:51 EEST" duration-ms="16622">
    <groups>
    </groups>
    <test started-at="2022-09-06T20:14:34 EEST" name="Default test" finished-at="2022-09-06T20:14:51 EEST" duration-ms="16622">
      <class name="Testai.ATest">
        <test-method signature="NeunikaliRegistracija()[pri:0, instance:Testai.ATest@3febb011]" started-at="2022-09-06T20:14:34 EEST" name="NeunikaliRegistracija" finished-at="2022-09-06T20:14:44 EEST" duration-ms="9864" status="PASS">
          <reporter-output>
          </reporter-output>
        </test-method> <!-- NeunikaliRegistracija -->
        <test-method signature="TeisingaRegistracija()[pri:0, instance:Testai.ATest@3febb011]" started-at="2022-09-06T20:14:44 EEST" name="TeisingaRegistracija" finished-at="2022-09-06T20:14:51 EEST" duration-ms="6657" status="PASS">
          <reporter-output>
          </reporter-output>
        </test-method> <!-- TeisingaRegistracija -->
      </class> <!-- Testai.ATest -->
    </test> <!-- Default test -->
  </suite> <!-- Default suite -->
</testng-results>
